Info: *******************************************************************
Info: Running Quartus Prime Analysis & Synthesis
    Info: Version 20.1.1 Build 720 11/11/2020 SJ Standard Edition
    Info: Copyright (C) 2020  Intel Corporation. All rights reserved.
    Info: Your use of Intel Corporation's design tools, logic functions 
    Info: and other software and tools, and any partner logic 
    Info: functions, and any output files from any of the foregoing 
    Info: (including device programming or simulation files), and any 
    Info: associated documentation or information are expressly subject 
    Info: to the terms and conditions of the Intel Program License 
    Info: Subscription Agreement, the Intel Quartus Prime License Agreement,
    Info: the Intel FPGA IP License Agreement, or other applicable license
    Info: agreement, including, without limitation, that your use is for
    Info: the sole purpose of programming logic devices manufactured by
    Info: Intel and sold by Intel or its authorized distributors.  Please
    Info: refer to the applicable agreement for further details, at
    Info: https://fpgasoftware.intel.com/eula.
    Info: Processing started: Sun Oct 26 19:33:55 2025
Info: Command: quartus_map --read_settings_files=on --write_settings_files=off toolflow -c toolflow
Warning (18236): Number of processors has not been specified which may cause overloading on shared machines.  Set the global assignment NUM_PARALLEL_PROCESSORS in your QSF to an appropriate value for best performance.
Info (20030): Parallel compilation is enabled and will use 4 of the 4 processors detected
Info (12021): Found 2 design units, including 0 entities, in source file /home/ltolsen/cpre3810/RISC-V-Single-cycle-Processor/cpre3810-toolflow/proj/src/MIPS_types.vhd
    Info (12022): Found design unit 1: MIPS_types File: /home/ltolsen/cpre3810/RISC-V-Single-cycle-Processor/cpre3810-toolflow/proj/src/MIPS_types.vhd Line: 15
    Info (12022): Found design unit 2: MIPS_types-body File: /home/ltolsen/cpre3810/RISC-V-Single-cycle-Processor/cpre3810-toolflow/proj/src/MIPS_types.vhd Line: 29
Info (12021): Found 2 design units, including 0 entities, in source file /home/ltolsen/cpre3810/RISC-V-Single-cycle-Processor/cpre3810-toolflow/proj/src/RISCV_types.vhd
    Info (12022): Found design unit 1: RISCV_types File: /home/ltolsen/cpre3810/RISC-V-Single-cycle-Processor/cpre3810-toolflow/proj/src/RISCV_types.vhd Line: 15
    Info (12022): Found design unit 2: RISCV_types-body File: /home/ltolsen/cpre3810/RISC-V-Single-cycle-Processor/cpre3810-toolflow/proj/src/RISCV_types.vhd Line: 29
Info (12021): Found 2 design units, including 1 entities, in source file /home/ltolsen/cpre3810/RISC-V-Single-cycle-Processor/cpre3810-toolflow/proj/src/TopLevel/ALU.vhd
    Info (12022): Found design unit 1: ALU-structural File: /home/ltolsen/cpre3810/RISC-V-Single-cycle-Processor/cpre3810-toolflow/proj/src/TopLevel/ALU.vhd Line: 29
    Info (12023): Found entity 1: ALU File: /home/ltolsen/cpre3810/RISC-V-Single-cycle-Processor/cpre3810-toolflow/proj/src/TopLevel/ALU.vhd Line: 18
Info (12021): Found 2 design units, including 1 entities, in source file /home/ltolsen/cpre3810/RISC-V-Single-cycle-Processor/cpre3810-toolflow/proj/src/TopLevel/BarrelShifter.vhd
    Info (12022): Found design unit 1: barrelShifter-structural File: /home/ltolsen/cpre3810/RISC-V-Single-cycle-Processor/cpre3810-toolflow/proj/src/TopLevel/BarrelShifter.vhd Line: 23
    Info (12023): Found entity 1: barrelShifter File: /home/ltolsen/cpre3810/RISC-V-Single-cycle-Processor/cpre3810-toolflow/proj/src/TopLevel/BarrelShifter.vhd Line: 14
Info (12021): Found 2 design units, including 1 entities, in source file /home/ltolsen/cpre3810/RISC-V-Single-cycle-Processor/cpre3810-toolflow/proj/src/TopLevel/ControlUnit.vhd
    Info (12022): Found design unit 1: controlUnit-dataflow File: /home/ltolsen/cpre3810/RISC-V-Single-cycle-Processor/cpre3810-toolflow/proj/src/TopLevel/ControlUnit.vhd Line: 25
    Info (12023): Found entity 1: controlUnit File: /home/ltolsen/cpre3810/RISC-V-Single-cycle-Processor/cpre3810-toolflow/proj/src/TopLevel/ControlUnit.vhd Line: 8
Info (12021): Found 2 design units, including 1 entities, in source file /home/ltolsen/cpre3810/RISC-V-Single-cycle-Processor/cpre3810-toolflow/proj/src/TopLevel/FetchLogic.vhd
    Info (12022): Found design unit 1: FetchLogic-structure File: /home/ltolsen/cpre3810/RISC-V-Single-cycle-Processor/cpre3810-toolflow/proj/src/TopLevel/FetchLogic.vhd Line: 31
    Info (12023): Found entity 1: FetchLogic File: /home/ltolsen/cpre3810/RISC-V-Single-cycle-Processor/cpre3810-toolflow/proj/src/TopLevel/FetchLogic.vhd Line: 17
Info (12021): Found 2 design units, including 1 entities, in source file /home/ltolsen/cpre3810/RISC-V-Single-cycle-Processor/cpre3810-toolflow/proj/src/TopLevel/Full_Adder.vhd
    Info (12022): Found design unit 1: Full_Adder-structure File: /home/ltolsen/cpre3810/RISC-V-Single-cycle-Processor/cpre3810-toolflow/proj/src/TopLevel/Full_Adder.vhd Line: 25
    Info (12023): Found entity 1: Full_Adder File: /home/ltolsen/cpre3810/RISC-V-Single-cycle-Processor/cpre3810-toolflow/proj/src/TopLevel/Full_Adder.vhd Line: 16
Info (12021): Found 2 design units, including 1 entities, in source file /home/ltolsen/cpre3810/RISC-V-Single-cycle-Processor/cpre3810-toolflow/proj/src/TopLevel/ImmGen.vhd
    Info (12022): Found design unit 1: ImmGen-behavioral File: /home/ltolsen/cpre3810/RISC-V-Single-cycle-Processor/cpre3810-toolflow/proj/src/TopLevel/ImmGen.vhd Line: 16
    Info (12023): Found entity 1: ImmGen File: /home/ltolsen/cpre3810/RISC-V-Single-cycle-Processor/cpre3810-toolflow/proj/src/TopLevel/ImmGen.vhd Line: 8
Info (12021): Found 2 design units, including 1 entities, in source file /home/ltolsen/cpre3810/RISC-V-Single-cycle-Processor/cpre3810-toolflow/proj/src/TopLevel/InstructionMemory.vhd
    Info (12022): Found design unit 1: InstructionMemory-behavioral File: /home/ltolsen/cpre3810/RISC-V-Single-cycle-Processor/cpre3810-toolflow/proj/src/TopLevel/InstructionMemory.vhd Line: 25
    Info (12023): Found entity 1: InstructionMemory File: /home/ltolsen/cpre3810/RISC-V-Single-cycle-Processor/cpre3810-toolflow/proj/src/TopLevel/InstructionMemory.vhd Line: 16
Info (12021): Found 2 design units, including 1 entities, in source file /home/ltolsen/cpre3810/RISC-V-Single-cycle-Processor/cpre3810-toolflow/proj/src/TopLevel/N_Full_Adder.vhd
    Info (12022): Found design unit 1: N_Full_Adder-structure File: /home/ltolsen/cpre3810/RISC-V-Single-cycle-Processor/cpre3810-toolflow/proj/src/TopLevel/N_Full_Adder.vhd Line: 26
    Info (12023): Found entity 1: N_Full_Adder File: /home/ltolsen/cpre3810/RISC-V-Single-cycle-Processor/cpre3810-toolflow/proj/src/TopLevel/N_Full_Adder.vhd Line: 16
Info (12021): Found 2 design units, including 1 entities, in source file /home/ltolsen/cpre3810/RISC-V-Single-cycle-Processor/cpre3810-toolflow/proj/src/TopLevel/ProgramCounter.vhd
    Info (12022): Found design unit 1: ProgramCounter-behavioral File: /home/ltolsen/cpre3810/RISC-V-Single-cycle-Processor/cpre3810-toolflow/proj/src/TopLevel/ProgramCounter.vhd Line: 24
    Info (12023): Found entity 1: ProgramCounter File: /home/ltolsen/cpre3810/RISC-V-Single-cycle-Processor/cpre3810-toolflow/proj/src/TopLevel/ProgramCounter.vhd Line: 15
Info (12021): Found 2 design units, including 1 entities, in source file /home/ltolsen/cpre3810/RISC-V-Single-cycle-Processor/cpre3810-toolflow/proj/src/TopLevel/RISCV_Processor.vhd
    Info (12022): Found design unit 1: RISCV_Processor-structure File: /home/ltolsen/cpre3810/RISC-V-Single-cycle-Processor/cpre3810-toolflow/proj/src/TopLevel/RISCV_Processor.vhd Line: 33
    Info (12023): Found entity 1: RISCV_Processor File: /home/ltolsen/cpre3810/RISC-V-Single-cycle-Processor/cpre3810-toolflow/proj/src/TopLevel/RISCV_Processor.vhd Line: 21
Info (12021): Found 2 design units, including 1 entities, in source file /home/ltolsen/cpre3810/RISC-V-Single-cycle-Processor/cpre3810-toolflow/proj/src/TopLevel/Reg.vhd
    Info (12022): Found design unit 1: Reg-behavior File: /home/ltolsen/cpre3810/RISC-V-Single-cycle-Processor/cpre3810-toolflow/proj/src/TopLevel/Reg.vhd Line: 33
    Info (12023): Found entity 1: Reg File: /home/ltolsen/cpre3810/RISC-V-Single-cycle-Processor/cpre3810-toolflow/proj/src/TopLevel/Reg.vhd Line: 23
Info (12021): Found 2 design units, including 1 entities, in source file /home/ltolsen/cpre3810/RISC-V-Single-cycle-Processor/cpre3810-toolflow/proj/src/TopLevel/Reg_N.vhd
    Info (12022): Found design unit 1: Reg_N-structure File: /home/ltolsen/cpre3810/RISC-V-Single-cycle-Processor/cpre3810-toolflow/proj/src/TopLevel/Reg_N.vhd Line: 31
    Info (12023): Found entity 1: Reg_N File: /home/ltolsen/cpre3810/RISC-V-Single-cycle-Processor/cpre3810-toolflow/proj/src/TopLevel/Reg_N.vhd Line: 20
Info (12021): Found 2 design units, including 1 entities, in source file /home/ltolsen/cpre3810/RISC-V-Single-cycle-Processor/cpre3810-toolflow/proj/src/TopLevel/RegisterFile.vhd
    Info (12022): Found design unit 1: RegisterFile-regFile File: /home/ltolsen/cpre3810/RISC-V-Single-cycle-Processor/cpre3810-toolflow/proj/src/TopLevel/RegisterFile.vhd Line: 30
    Info (12023): Found entity 1: RegisterFile File: /home/ltolsen/cpre3810/RISC-V-Single-cycle-Processor/cpre3810-toolflow/proj/src/TopLevel/RegisterFile.vhd Line: 16
Info (12021): Found 2 design units, including 1 entities, in source file /home/ltolsen/cpre3810/RISC-V-Single-cycle-Processor/cpre3810-toolflow/proj/src/TopLevel/andg2.vhd
    Info (12022): Found design unit 1: andg2-dataflow File: /home/ltolsen/cpre3810/RISC-V-Single-cycle-Processor/cpre3810-toolflow/proj/src/TopLevel/andg2.vhd Line: 31
    Info (12023): Found entity 1: andg2 File: /home/ltolsen/cpre3810/RISC-V-Single-cycle-Processor/cpre3810-toolflow/proj/src/TopLevel/andg2.vhd Line: 23
Info (12021): Found 2 design units, including 1 entities, in source file /home/ltolsen/cpre3810/RISC-V-Single-cycle-Processor/cpre3810-toolflow/proj/src/TopLevel/branch_comp.vhd
    Info (12022): Found design unit 1: branch_comp-dataflow File: /home/ltolsen/cpre3810/RISC-V-Single-cycle-Processor/cpre3810-toolflow/proj/src/TopLevel/branch_comp.vhd Line: 20
    Info (12023): Found entity 1: branch_comp File: /home/ltolsen/cpre3810/RISC-V-Single-cycle-Processor/cpre3810-toolflow/proj/src/TopLevel/branch_comp.vhd Line: 10
Info (12021): Found 2 design units, including 1 entities, in source file /home/ltolsen/cpre3810/RISC-V-Single-cycle-Processor/cpre3810-toolflow/proj/src/TopLevel/decoder_5to32.vhd
    Info (12022): Found design unit 1: decoder_5to32-behavior File: /home/ltolsen/cpre3810/RISC-V-Single-cycle-Processor/cpre3810-toolflow/proj/src/TopLevel/decoder_5to32.vhd Line: 28
    Info (12023): Found entity 1: decoder_5to32 File: /home/ltolsen/cpre3810/RISC-V-Single-cycle-Processor/cpre3810-toolflow/proj/src/TopLevel/decoder_5to32.vhd Line: 21
Info (12021): Found 2 design units, including 1 entities, in source file /home/ltolsen/cpre3810/RISC-V-Single-cycle-Processor/cpre3810-toolflow/proj/src/TopLevel/dffg.vhd
    Info (12022): Found design unit 1: dffg-mixed File: /home/ltolsen/cpre3810/RISC-V-Single-cycle-Processor/cpre3810-toolflow/proj/src/TopLevel/dffg.vhd Line: 33
    Info (12023): Found entity 1: dffg File: /home/ltolsen/cpre3810/RISC-V-Single-cycle-Processor/cpre3810-toolflow/proj/src/TopLevel/dffg.vhd Line: 23
Info (12021): Found 2 design units, including 1 entities, in source file /home/ltolsen/cpre3810/RISC-V-Single-cycle-Processor/cpre3810-toolflow/proj/src/TopLevel/invg.vhd
    Info (12022): Found design unit 1: invg-dataflow File: /home/ltolsen/cpre3810/RISC-V-Single-cycle-Processor/cpre3810-toolflow/proj/src/TopLevel/invg.vhd Line: 30
    Info (12023): Found entity 1: invg File: /home/ltolsen/cpre3810/RISC-V-Single-cycle-Processor/cpre3810-toolflow/proj/src/TopLevel/invg.vhd Line: 23
Info (12021): Found 2 design units, including 1 entities, in source file /home/ltolsen/cpre3810/RISC-V-Single-cycle-Processor/cpre3810-toolflow/proj/src/TopLevel/mem.vhd
    Info (12022): Found design unit 1: mem-rtl File: /home/ltolsen/cpre3810/RISC-V-Single-cycle-Processor/cpre3810-toolflow/proj/src/TopLevel/mem.vhd Line: 28
    Info (12023): Found entity 1: mem File: /home/ltolsen/cpre3810/RISC-V-Single-cycle-Processor/cpre3810-toolflow/proj/src/TopLevel/mem.vhd Line: 9
Info (12021): Found 2 design units, including 1 entities, in source file /home/ltolsen/cpre3810/RISC-V-Single-cycle-Processor/cpre3810-toolflow/proj/src/TopLevel/mux2t1.vhd
    Info (12022): Found design unit 1: mux2t1-structural File: /home/ltolsen/cpre3810/RISC-V-Single-cycle-Processor/cpre3810-toolflow/proj/src/TopLevel/mux2t1.vhd Line: 22
    Info (12023): Found entity 1: mux2t1 File: /home/ltolsen/cpre3810/RISC-V-Single-cycle-Processor/cpre3810-toolflow/proj/src/TopLevel/mux2t1.vhd Line: 15
Info (12021): Found 2 design units, including 1 entities, in source file /home/ltolsen/cpre3810/RISC-V-Single-cycle-Processor/cpre3810-toolflow/proj/src/TopLevel/mux2t1_N.vhd
    Info (12022): Found design unit 1: mux2t1_N-structural File: /home/ltolsen/cpre3810/RISC-V-Single-cycle-Processor/cpre3810-toolflow/proj/src/TopLevel/mux2t1_N.vhd Line: 29
    Info (12023): Found entity 1: mux2t1_N File: /home/ltolsen/cpre3810/RISC-V-Single-cycle-Processor/cpre3810-toolflow/proj/src/TopLevel/mux2t1_N.vhd Line: 19
Info (12021): Found 2 design units, including 1 entities, in source file /home/ltolsen/cpre3810/RISC-V-Single-cycle-Processor/cpre3810-toolflow/proj/src/TopLevel/mux32t1_N.vhd
    Info (12022): Found design unit 1: mux32t1_N-structural File: /home/ltolsen/cpre3810/RISC-V-Single-cycle-Processor/cpre3810-toolflow/proj/src/TopLevel/mux32t1_N.vhd Line: 56
    Info (12023): Found entity 1: mux32t1_N File: /home/ltolsen/cpre3810/RISC-V-Single-cycle-Processor/cpre3810-toolflow/proj/src/TopLevel/mux32t1_N.vhd Line: 16
Info (12021): Found 2 design units, including 1 entities, in source file /home/ltolsen/cpre3810/RISC-V-Single-cycle-Processor/cpre3810-toolflow/proj/src/TopLevel/mux3t1_N.vhd
    Info (12022): Found design unit 1: mux3t1_N-behavioral File: /home/ltolsen/cpre3810/RISC-V-Single-cycle-Processor/cpre3810-toolflow/proj/src/TopLevel/mux3t1_N.vhd Line: 20
    Info (12023): Found entity 1: mux3t1_N File: /home/ltolsen/cpre3810/RISC-V-Single-cycle-Processor/cpre3810-toolflow/proj/src/TopLevel/mux3t1_N.vhd Line: 10
Info (12021): Found 2 design units, including 1 entities, in source file /home/ltolsen/cpre3810/RISC-V-Single-cycle-Processor/cpre3810-toolflow/proj/src/TopLevel/mux4t1_N.vhd
    Info (12022): Found design unit 1: mux4t1_N-structural File: /home/ltolsen/cpre3810/RISC-V-Single-cycle-Processor/cpre3810-toolflow/proj/src/TopLevel/mux4t1_N.vhd Line: 29
    Info (12023): Found entity 1: mux4t1_N File: /home/ltolsen/cpre3810/RISC-V-Single-cycle-Processor/cpre3810-toolflow/proj/src/TopLevel/mux4t1_N.vhd Line: 17
Info (12021): Found 2 design units, including 1 entities, in source file /home/ltolsen/cpre3810/RISC-V-Single-cycle-Processor/cpre3810-toolflow/proj/src/TopLevel/nAdd_Sub.vhd
    Info (12022): Found design unit 1: nAdd_Sub-structure File: /home/ltolsen/cpre3810/RISC-V-Single-cycle-Processor/cpre3810-toolflow/proj/src/TopLevel/nAdd_Sub.vhd Line: 25
    Info (12023): Found entity 1: nAdd_Sub File: /home/ltolsen/cpre3810/RISC-V-Single-cycle-Processor/cpre3810-toolflow/proj/src/TopLevel/nAdd_Sub.vhd Line: 15
Info (12021): Found 2 design units, including 1 entities, in source file /home/ltolsen/cpre3810/RISC-V-Single-cycle-Processor/cpre3810-toolflow/proj/src/TopLevel/org2.vhd
    Info (12022): Found design unit 1: org2-dataflow File: /home/ltolsen/cpre3810/RISC-V-Single-cycle-Processor/cpre3810-toolflow/proj/src/TopLevel/org2.vhd Line: 31
    Info (12023): Found entity 1: org2 File: /home/ltolsen/cpre3810/RISC-V-Single-cycle-Processor/cpre3810-toolflow/proj/src/TopLevel/org2.vhd Line: 23
Info (12021): Found 2 design units, including 1 entities, in source file /home/ltolsen/cpre3810/RISC-V-Single-cycle-Processor/cpre3810-toolflow/proj/src/TopLevel/xorg2.vhd
    Info (12022): Found design unit 1: xorg2-dataflow File: /home/ltolsen/cpre3810/RISC-V-Single-cycle-Processor/cpre3810-toolflow/proj/src/TopLevel/xorg2.vhd Line: 31
    Info (12023): Found entity 1: xorg2 File: /home/ltolsen/cpre3810/RISC-V-Single-cycle-Processor/cpre3810-toolflow/proj/src/TopLevel/xorg2.vhd Line: 23
Info (12127): Elaborating entity "RISCV_Processor" for the top level hierarchy
Warning (10541): VHDL Signal Declaration warning at RISCV_Processor.vhd(48): used implicit default value for signal "s_NextInstAddr" because signal was never assigned a value or an explicit default value. Use of implicit default value may introduce unintended design optimizations. File: /home/ltolsen/cpre3810/RISC-V-Single-cycle-Processor/cpre3810-toolflow/proj/src/TopLevel/RISCV_Processor.vhd Line: 48
Warning (10036): Verilog HDL or VHDL warning at RISCV_Processor.vhd(52): object "s_Halt" assigned a value but never read File: /home/ltolsen/cpre3810/RISC-V-Single-cycle-Processor/cpre3810-toolflow/proj/src/TopLevel/RISCV_Processor.vhd Line: 52
Warning (10036): Verilog HDL or VHDL warning at RISCV_Processor.vhd(55): object "s_Ovfl" assigned a value but never read File: /home/ltolsen/cpre3810/RISC-V-Single-cycle-Processor/cpre3810-toolflow/proj/src/TopLevel/RISCV_Processor.vhd Line: 55
Warning (10036): Verilog HDL or VHDL warning at RISCV_Processor.vhd(77): object "s_Branch" assigned a value but never read File: /home/ltolsen/cpre3810/RISC-V-Single-cycle-Processor/cpre3810-toolflow/proj/src/TopLevel/RISCV_Processor.vhd Line: 77
Warning (10036): Verilog HDL or VHDL warning at RISCV_Processor.vhd(88): object "s_ALUzero" assigned a value but never read File: /home/ltolsen/cpre3810/RISC-V-Single-cycle-Processor/cpre3810-toolflow/proj/src/TopLevel/RISCV_Processor.vhd Line: 88
Info (12128): Elaborating entity "mem" for hierarchy "mem:IMem" File: /home/ltolsen/cpre3810/RISC-V-Single-cycle-Processor/cpre3810-toolflow/proj/src/TopLevel/RISCV_Processor.vhd Line: 203
Info (12128): Elaborating entity "FetchLogic" for hierarchy "FetchLogic:FL" File: /home/ltolsen/cpre3810/RISC-V-Single-cycle-Processor/cpre3810-toolflow/proj/src/TopLevel/RISCV_Processor.vhd Line: 226
Info (12128): Elaborating entity "ProgramCounter" for hierarchy "FetchLogic:FL|ProgramCounter:PC" File: /home/ltolsen/cpre3810/RISC-V-Single-cycle-Processor/cpre3810-toolflow/proj/src/TopLevel/FetchLogic.vhd Line: 52
Info (12128): Elaborating entity "controlUnit" for hierarchy "controlUnit:CU" File: /home/ltolsen/cpre3810/RISC-V-Single-cycle-Processor/cpre3810-toolflow/proj/src/TopLevel/RISCV_Processor.vhd Line: 239
Info (12128): Elaborating entity "RegisterFile" for hierarchy "RegisterFile:RF" File: /home/ltolsen/cpre3810/RISC-V-Single-cycle-Processor/cpre3810-toolflow/proj/src/TopLevel/RISCV_Processor.vhd Line: 255
Info (12128): Elaborating entity "decoder_5to32" for hierarchy "RegisterFile:RF|decoder_5to32:Decoder" File: /home/ltolsen/cpre3810/RISC-V-Single-cycle-Processor/cpre3810-toolflow/proj/src/TopLevel/RegisterFile.vhd Line: 103
Info (12128): Elaborating entity "Reg_N" for hierarchy "RegisterFile:RF|Reg_N:\gen_registers:0:REG" File: /home/ltolsen/cpre3810/RISC-V-Single-cycle-Processor/cpre3810-toolflow/proj/src/TopLevel/RegisterFile.vhd Line: 113
Info (12128): Elaborating entity "dffg" for hierarchy "RegisterFile:RF|Reg_N:\gen_registers:0:REG|dffg:\G_Nbit_Reg:0:Reg_N" File: /home/ltolsen/cpre3810/RISC-V-Single-cycle-Processor/cpre3810-toolflow/proj/src/TopLevel/Reg_N.vhd Line: 43
Info (12128): Elaborating entity "mux32t1_N" for hierarchy "RegisterFile:RF|mux32t1_N:mux_1" File: /home/ltolsen/cpre3810/RISC-V-Single-cycle-Processor/cpre3810-toolflow/proj/src/TopLevel/RegisterFile.vhd Line: 125
Info (12128): Elaborating entity "mux4t1_N" for hierarchy "RegisterFile:RF|mux32t1_N:mux_1|mux4t1_N:\gen_stage1:0:MUX4_STAGE1" File: /home/ltolsen/cpre3810/RISC-V-Single-cycle-Processor/cpre3810-toolflow/proj/src/TopLevel/mux32t1_N.vhd Line: 100
Info (12128): Elaborating entity "mux2t1" for hierarchy "RegisterFile:RF|mux32t1_N:mux_1|mux4t1_N:\gen_stage1:0:MUX4_STAGE1|mux2t1:\G_LOW:0:MUXI_LOW" File: /home/ltolsen/cpre3810/RISC-V-Single-cycle-Processor/cpre3810-toolflow/proj/src/TopLevel/mux4t1_N.vhd Line: 41
Info (12128): Elaborating entity "andg2" for hierarchy "RegisterFile:RF|mux32t1_N:mux_1|mux4t1_N:\gen_stage1:0:MUX4_STAGE1|mux2t1:\G_LOW:0:MUXI_LOW|andg2:g_and1" File: /home/ltolsen/cpre3810/RISC-V-Single-cycle-Processor/cpre3810-toolflow/proj/src/TopLevel/mux2t1.vhd Line: 47
Info (12128): Elaborating entity "invg" for hierarchy "RegisterFile:RF|mux32t1_N:mux_1|mux4t1_N:\gen_stage1:0:MUX4_STAGE1|mux2t1:\G_LOW:0:MUXI_LOW|invg:g_not" File: /home/ltolsen/cpre3810/RISC-V-Single-cycle-Processor/cpre3810-toolflow/proj/src/TopLevel/mux2t1.vhd Line: 57
Info (12128): Elaborating entity "org2" for hierarchy "RegisterFile:RF|mux32t1_N:mux_1|mux4t1_N:\gen_stage1:0:MUX4_STAGE1|mux2t1:\G_LOW:0:MUXI_LOW|org2:g_or" File: /home/ltolsen/cpre3810/RISC-V-Single-cycle-Processor/cpre3810-toolflow/proj/src/TopLevel/mux2t1.vhd Line: 61
Info (12128): Elaborating entity "mux2t1_N" for hierarchy "RegisterFile:RF|mux32t1_N:mux_1|mux2t1_N:MUX_FINAL" File: /home/ltolsen/cpre3810/RISC-V-Single-cycle-Processor/cpre3810-toolflow/proj/src/TopLevel/mux32t1_N.vhd Line: 126
Info (12128): Elaborating entity "ImmGen" for hierarchy "ImmGen:IG" File: /home/ltolsen/cpre3810/RISC-V-Single-cycle-Processor/cpre3810-toolflow/proj/src/TopLevel/RISCV_Processor.vhd Line: 269
Info (12128): Elaborating entity "branch_comp" for hierarchy "branch_comp:bc" File: /home/ltolsen/cpre3810/RISC-V-Single-cycle-Processor/cpre3810-toolflow/proj/src/TopLevel/RISCV_Processor.vhd Line: 276
Info (12128): Elaborating entity "mux2t1_N" for hierarchy "mux2t1_N:AMUX" File: /home/ltolsen/cpre3810/RISC-V-Single-cycle-Processor/cpre3810-toolflow/proj/src/TopLevel/RISCV_Processor.vhd Line: 285
Info (12128): Elaborating entity "ALU" for hierarchy "ALU:Arith_Logic_Unit" File: /home/ltolsen/cpre3810/RISC-V-Single-cycle-Processor/cpre3810-toolflow/proj/src/TopLevel/RISCV_Processor.vhd Line: 301
Warning (10492): VHDL Process Statement warning at ALU.vhd(225): signal "zero_result" is read inside the Process Statement but isn't in the Process Statement's sensitivity list File: /home/ltolsen/cpre3810/RISC-V-Single-cycle-Processor/cpre3810-toolflow/proj/src/TopLevel/ALU.vhd Line: 225
Info (12128): Elaborating entity "xorg2" for hierarchy "ALU:Arith_Logic_Unit|xorg2:\xor_gen:0:xor_inst" File: /home/ltolsen/cpre3810/RISC-V-Single-cycle-Processor/cpre3810-toolflow/proj/src/TopLevel/ALU.vhd Line: 125
Info (12128): Elaborating entity "nAdd_Sub" for hierarchy "ALU:Arith_Logic_Unit|nAdd_Sub:add_inst" File: /home/ltolsen/cpre3810/RISC-V-Single-cycle-Processor/cpre3810-toolflow/proj/src/TopLevel/ALU.vhd Line: 134
Info (12128): Elaborating entity "N_Full_Adder" for hierarchy "ALU:Arith_Logic_Unit|nAdd_Sub:add_inst|N_Full_Adder:adder_inst" File: /home/ltolsen/cpre3810/RISC-V-Single-cycle-Processor/cpre3810-toolflow/proj/src/TopLevel/nAdd_Sub.vhd Line: 72
Info (12128): Elaborating entity "Full_Adder" for hierarchy "ALU:Arith_Logic_Unit|nAdd_Sub:add_inst|N_Full_Adder:adder_inst|Full_Adder:\gen_adders:0:ADDI" File: /home/ltolsen/cpre3810/RISC-V-Single-cycle-Processor/cpre3810-toolflow/proj/src/TopLevel/N_Full_Adder.vhd Line: 43
Info (12128): Elaborating entity "barrelShifter" for hierarchy "ALU:Arith_Logic_Unit|barrelShifter:sll_inst" File: /home/ltolsen/cpre3810/RISC-V-Single-cycle-Processor/cpre3810-toolflow/proj/src/TopLevel/ALU.vhd Line: 182
Info (12128): Elaborating entity "mux3t1_N" for hierarchy "mux3t1_N:WRDATAMUX" File: /home/ltolsen/cpre3810/RISC-V-Single-cycle-Processor/cpre3810-toolflow/proj/src/TopLevel/RISCV_Processor.vhd Line: 312
Error (12014): Net "s_Inst[31]", which fans out to "ImmGen:IG|i_ImmType[31]", cannot be assigned more than one value File: /home/ltolsen/cpre3810/RISC-V-Single-cycle-Processor/cpre3810-toolflow/proj/src/TopLevel/RISCV_Processor.vhd Line: 49
    Error (12015): Net is fed by "mem:IMem|q[31]" File: /home/ltolsen/cpre3810/RISC-V-Single-cycle-Processor/cpre3810-toolflow/proj/src/TopLevel/mem.vhd Line: 23
    Error (12015): Net is fed by "FetchLogic:FL|instr[31]" File: /home/ltolsen/cpre3810/RISC-V-Single-cycle-Processor/cpre3810-toolflow/proj/src/TopLevel/FetchLogic.vhd Line: 27
    Error (12015): Net is fed by "iInstExt[31]" File: /home/ltolsen/cpre3810/RISC-V-Single-cycle-Processor/cpre3810-toolflow/proj/src/TopLevel/RISCV_Processor.vhd Line: 27
Error (12014): Net "s_Inst[30]", which fans out to "ImmGen:IG|i_ImmType[30]", cannot be assigned more than one value File: /home/ltolsen/cpre3810/RISC-V-Single-cycle-Processor/cpre3810-toolflow/proj/src/TopLevel/RISCV_Processor.vhd Line: 49
    Error (12015): Net is fed by "mem:IMem|q[30]" File: /home/ltolsen/cpre3810/RISC-V-Single-cycle-Processor/cpre3810-toolflow/proj/src/TopLevel/mem.vhd Line: 23
    Error (12015): Net is fed by "FetchLogic:FL|instr[30]" File: /home/ltolsen/cpre3810/RISC-V-Single-cycle-Processor/cpre3810-toolflow/proj/src/TopLevel/FetchLogic.vhd Line: 27
    Error (12015): Net is fed by "iInstExt[30]" File: /home/ltolsen/cpre3810/RISC-V-Single-cycle-Processor/cpre3810-toolflow/proj/src/TopLevel/RISCV_Processor.vhd Line: 27
Error (12014): Net "s_Inst[29]", which fans out to "ImmGen:IG|i_ImmType[29]", cannot be assigned more than one value File: /home/ltolsen/cpre3810/RISC-V-Single-cycle-Processor/cpre3810-toolflow/proj/src/TopLevel/RISCV_Processor.vhd Line: 49
    Error (12015): Net is fed by "mem:IMem|q[29]" File: /home/ltolsen/cpre3810/RISC-V-Single-cycle-Processor/cpre3810-toolflow/proj/src/TopLevel/mem.vhd Line: 23
    Error (12015): Net is fed by "FetchLogic:FL|instr[29]" File: /home/ltolsen/cpre3810/RISC-V-Single-cycle-Processor/cpre3810-toolflow/proj/src/TopLevel/FetchLogic.vhd Line: 27
    Error (12015): Net is fed by "iInstExt[29]" File: /home/ltolsen/cpre3810/RISC-V-Single-cycle-Processor/cpre3810-toolflow/proj/src/TopLevel/RISCV_Processor.vhd Line: 27
Error (12014): Net "s_Inst[28]", which fans out to "ImmGen:IG|i_ImmType[28]", cannot be assigned more than one value File: /home/ltolsen/cpre3810/RISC-V-Single-cycle-Processor/cpre3810-toolflow/proj/src/TopLevel/RISCV_Processor.vhd Line: 49
    Error (12015): Net is fed by "mem:IMem|q[28]" File: /home/ltolsen/cpre3810/RISC-V-Single-cycle-Processor/cpre3810-toolflow/proj/src/TopLevel/mem.vhd Line: 23
    Error (12015): Net is fed by "FetchLogic:FL|instr[28]" File: /home/ltolsen/cpre3810/RISC-V-Single-cycle-Processor/cpre3810-toolflow/proj/src/TopLevel/FetchLogic.vhd Line: 27
    Error (12015): Net is fed by "iInstExt[28]" File: /home/ltolsen/cpre3810/RISC-V-Single-cycle-Processor/cpre3810-toolflow/proj/src/TopLevel/RISCV_Processor.vhd Line: 27
Error (12014): Net "s_Inst[27]", which fans out to "ImmGen:IG|i_ImmType[27]", cannot be assigned more than one value File: /home/ltolsen/cpre3810/RISC-V-Single-cycle-Processor/cpre3810-toolflow/proj/src/TopLevel/RISCV_Processor.vhd Line: 49
    Error (12015): Net is fed by "mem:IMem|q[27]" File: /home/ltolsen/cpre3810/RISC-V-Single-cycle-Processor/cpre3810-toolflow/proj/src/TopLevel/mem.vhd Line: 23
    Error (12015): Net is fed by "FetchLogic:FL|instr[27]" File: /home/ltolsen/cpre3810/RISC-V-Single-cycle-Processor/cpre3810-toolflow/proj/src/TopLevel/FetchLogic.vhd Line: 27
    Error (12015): Net is fed by "iInstExt[27]" File: /home/ltolsen/cpre3810/RISC-V-Single-cycle-Processor/cpre3810-toolflow/proj/src/TopLevel/RISCV_Processor.vhd Line: 27
Error (12014): Net "s_Inst[26]", which fans out to "ImmGen:IG|i_ImmType[26]", cannot be assigned more than one value File: /home/ltolsen/cpre3810/RISC-V-Single-cycle-Processor/cpre3810-toolflow/proj/src/TopLevel/RISCV_Processor.vhd Line: 49
    Error (12015): Net is fed by "mem:IMem|q[26]" File: /home/ltolsen/cpre3810/RISC-V-Single-cycle-Processor/cpre3810-toolflow/proj/src/TopLevel/mem.vhd Line: 23
    Error (12015): Net is fed by "FetchLogic:FL|instr[26]" File: /home/ltolsen/cpre3810/RISC-V-Single-cycle-Processor/cpre3810-toolflow/proj/src/TopLevel/FetchLogic.vhd Line: 27
    Error (12015): Net is fed by "iInstExt[26]" File: /home/ltolsen/cpre3810/RISC-V-Single-cycle-Processor/cpre3810-toolflow/proj/src/TopLevel/RISCV_Processor.vhd Line: 27
Error (12014): Net "s_Inst[25]", which fans out to "ImmGen:IG|i_ImmType[25]", cannot be assigned more than one value File: /home/ltolsen/cpre3810/RISC-V-Single-cycle-Processor/cpre3810-toolflow/proj/src/TopLevel/RISCV_Processor.vhd Line: 49
    Error (12015): Net is fed by "mem:IMem|q[25]" File: /home/ltolsen/cpre3810/RISC-V-Single-cycle-Processor/cpre3810-toolflow/proj/src/TopLevel/mem.vhd Line: 23
    Error (12015): Net is fed by "FetchLogic:FL|instr[25]" File: /home/ltolsen/cpre3810/RISC-V-Single-cycle-Processor/cpre3810-toolflow/proj/src/TopLevel/FetchLogic.vhd Line: 27
    Error (12015): Net is fed by "iInstExt[25]" File: /home/ltolsen/cpre3810/RISC-V-Single-cycle-Processor/cpre3810-toolflow/proj/src/TopLevel/RISCV_Processor.vhd Line: 27
Error (12014): Net "s_Inst[24]", which fans out to "ImmGen:IG|i_ImmType[24]", cannot be assigned more than one value File: /home/ltolsen/cpre3810/RISC-V-Single-cycle-Processor/cpre3810-toolflow/proj/src/TopLevel/RISCV_Processor.vhd Line: 49
    Error (12015): Net is fed by "mem:IMem|q[24]" File: /home/ltolsen/cpre3810/RISC-V-Single-cycle-Processor/cpre3810-toolflow/proj/src/TopLevel/mem.vhd Line: 23
    Error (12015): Net is fed by "FetchLogic:FL|instr[24]" File: /home/ltolsen/cpre3810/RISC-V-Single-cycle-Processor/cpre3810-toolflow/proj/src/TopLevel/FetchLogic.vhd Line: 27
    Error (12015): Net is fed by "iInstExt[24]" File: /home/ltolsen/cpre3810/RISC-V-Single-cycle-Processor/cpre3810-toolflow/proj/src/TopLevel/RISCV_Processor.vhd Line: 27
Error (12014): Net "s_Inst[23]", which fans out to "ImmGen:IG|i_ImmType[23]", cannot be assigned more than one value File: /home/ltolsen/cpre3810/RISC-V-Single-cycle-Processor/cpre3810-toolflow/proj/src/TopLevel/RISCV_Processor.vhd Line: 49
    Error (12015): Net is fed by "mem:IMem|q[23]" File: /home/ltolsen/cpre3810/RISC-V-Single-cycle-Processor/cpre3810-toolflow/proj/src/TopLevel/mem.vhd Line: 23
    Error (12015): Net is fed by "FetchLogic:FL|instr[23]" File: /home/ltolsen/cpre3810/RISC-V-Single-cycle-Processor/cpre3810-toolflow/proj/src/TopLevel/FetchLogic.vhd Line: 27
    Error (12015): Net is fed by "iInstExt[23]" File: /home/ltolsen/cpre3810/RISC-V-Single-cycle-Processor/cpre3810-toolflow/proj/src/TopLevel/RISCV_Processor.vhd Line: 27
Error (12014): Net "s_Inst[22]", which fans out to "ImmGen:IG|i_ImmType[22]", cannot be assigned more than one value File: /home/ltolsen/cpre3810/RISC-V-Single-cycle-Processor/cpre3810-toolflow/proj/src/TopLevel/RISCV_Processor.vhd Line: 49
    Error (12015): Net is fed by "mem:IMem|q[22]" File: /home/ltolsen/cpre3810/RISC-V-Single-cycle-Processor/cpre3810-toolflow/proj/src/TopLevel/mem.vhd Line: 23
    Error (12015): Net is fed by "FetchLogic:FL|instr[22]" File: /home/ltolsen/cpre3810/RISC-V-Single-cycle-Processor/cpre3810-toolflow/proj/src/TopLevel/FetchLogic.vhd Line: 27
    Error (12015): Net is fed by "iInstExt[22]" File: /home/ltolsen/cpre3810/RISC-V-Single-cycle-Processor/cpre3810-toolflow/proj/src/TopLevel/RISCV_Processor.vhd Line: 27
Error (12014): Net "s_Inst[21]", which fans out to "ImmGen:IG|i_ImmType[21]", cannot be assigned more than one value File: /home/ltolsen/cpre3810/RISC-V-Single-cycle-Processor/cpre3810-toolflow/proj/src/TopLevel/RISCV_Processor.vhd Line: 49
    Error (12015): Net is fed by "mem:IMem|q[21]" File: /home/ltolsen/cpre3810/RISC-V-Single-cycle-Processor/cpre3810-toolflow/proj/src/TopLevel/mem.vhd Line: 23
    Error (12015): Net is fed by "FetchLogic:FL|instr[21]" File: /home/ltolsen/cpre3810/RISC-V-Single-cycle-Processor/cpre3810-toolflow/proj/src/TopLevel/FetchLogic.vhd Line: 27
    Error (12015): Net is fed by "iInstExt[21]" File: /home/ltolsen/cpre3810/RISC-V-Single-cycle-Processor/cpre3810-toolflow/proj/src/TopLevel/RISCV_Processor.vhd Line: 27
Error (12014): Net "s_Inst[20]", which fans out to "ImmGen:IG|i_ImmType[20]", cannot be assigned more than one value File: /home/ltolsen/cpre3810/RISC-V-Single-cycle-Processor/cpre3810-toolflow/proj/src/TopLevel/RISCV_Processor.vhd Line: 49
    Error (12015): Net is fed by "mem:IMem|q[20]" File: /home/ltolsen/cpre3810/RISC-V-Single-cycle-Processor/cpre3810-toolflow/proj/src/TopLevel/mem.vhd Line: 23
    Error (12015): Net is fed by "FetchLogic:FL|instr[20]" File: /home/ltolsen/cpre3810/RISC-V-Single-cycle-Processor/cpre3810-toolflow/proj/src/TopLevel/FetchLogic.vhd Line: 27
    Error (12015): Net is fed by "iInstExt[20]" File: /home/ltolsen/cpre3810/RISC-V-Single-cycle-Processor/cpre3810-toolflow/proj/src/TopLevel/RISCV_Processor.vhd Line: 27
Error (12014): Net "s_Inst[19]", which fans out to "ImmGen:IG|i_ImmType[19]", cannot be assigned more than one value File: /home/ltolsen/cpre3810/RISC-V-Single-cycle-Processor/cpre3810-toolflow/proj/src/TopLevel/RISCV_Processor.vhd Line: 49
    Error (12015): Net is fed by "mem:IMem|q[19]" File: /home/ltolsen/cpre3810/RISC-V-Single-cycle-Processor/cpre3810-toolflow/proj/src/TopLevel/mem.vhd Line: 23
    Error (12015): Net is fed by "FetchLogic:FL|instr[19]" File: /home/ltolsen/cpre3810/RISC-V-Single-cycle-Processor/cpre3810-toolflow/proj/src/TopLevel/FetchLogic.vhd Line: 27
    Error (12015): Net is fed by "iInstExt[19]" File: /home/ltolsen/cpre3810/RISC-V-Single-cycle-Processor/cpre3810-toolflow/proj/src/TopLevel/RISCV_Processor.vhd Line: 27
Error (12014): Net "s_Inst[18]", which fans out to "ImmGen:IG|i_ImmType[18]", cannot be assigned more than one value File: /home/ltolsen/cpre3810/RISC-V-Single-cycle-Processor/cpre3810-toolflow/proj/src/TopLevel/RISCV_Processor.vhd Line: 49
    Error (12015): Net is fed by "mem:IMem|q[18]" File: /home/ltolsen/cpre3810/RISC-V-Single-cycle-Processor/cpre3810-toolflow/proj/src/TopLevel/mem.vhd Line: 23
    Error (12015): Net is fed by "FetchLogic:FL|instr[18]" File: /home/ltolsen/cpre3810/RISC-V-Single-cycle-Processor/cpre3810-toolflow/proj/src/TopLevel/FetchLogic.vhd Line: 27
    Error (12015): Net is fed by "iInstExt[18]" File: /home/ltolsen/cpre3810/RISC-V-Single-cycle-Processor/cpre3810-toolflow/proj/src/TopLevel/RISCV_Processor.vhd Line: 27
Error (12014): Net "s_Inst[17]", which fans out to "ImmGen:IG|i_ImmType[17]", cannot be assigned more than one value File: /home/ltolsen/cpre3810/RISC-V-Single-cycle-Processor/cpre3810-toolflow/proj/src/TopLevel/RISCV_Processor.vhd Line: 49
    Error (12015): Net is fed by "mem:IMem|q[17]" File: /home/ltolsen/cpre3810/RISC-V-Single-cycle-Processor/cpre3810-toolflow/proj/src/TopLevel/mem.vhd Line: 23
    Error (12015): Net is fed by "FetchLogic:FL|instr[17]" File: /home/ltolsen/cpre3810/RISC-V-Single-cycle-Processor/cpre3810-toolflow/proj/src/TopLevel/FetchLogic.vhd Line: 27
    Error (12015): Net is fed by "iInstExt[17]" File: /home/ltolsen/cpre3810/RISC-V-Single-cycle-Processor/cpre3810-toolflow/proj/src/TopLevel/RISCV_Processor.vhd Line: 27
Error (12014): Net "s_Inst[16]", which fans out to "ImmGen:IG|i_ImmType[16]", cannot be assigned more than one value File: /home/ltolsen/cpre3810/RISC-V-Single-cycle-Processor/cpre3810-toolflow/proj/src/TopLevel/RISCV_Processor.vhd Line: 49
    Error (12015): Net is fed by "mem:IMem|q[16]" File: /home/ltolsen/cpre3810/RISC-V-Single-cycle-Processor/cpre3810-toolflow/proj/src/TopLevel/mem.vhd Line: 23
    Error (12015): Net is fed by "FetchLogic:FL|instr[16]" File: /home/ltolsen/cpre3810/RISC-V-Single-cycle-Processor/cpre3810-toolflow/proj/src/TopLevel/FetchLogic.vhd Line: 27
    Error (12015): Net is fed by "iInstExt[16]" File: /home/ltolsen/cpre3810/RISC-V-Single-cycle-Processor/cpre3810-toolflow/proj/src/TopLevel/RISCV_Processor.vhd Line: 27
Error (12014): Net "s_Inst[15]", which fans out to "ImmGen:IG|i_ImmType[15]", cannot be assigned more than one value File: /home/ltolsen/cpre3810/RISC-V-Single-cycle-Processor/cpre3810-toolflow/proj/src/TopLevel/RISCV_Processor.vhd Line: 49
    Error (12015): Net is fed by "mem:IMem|q[15]" File: /home/ltolsen/cpre3810/RISC-V-Single-cycle-Processor/cpre3810-toolflow/proj/src/TopLevel/mem.vhd Line: 23
    Error (12015): Net is fed by "FetchLogic:FL|instr[15]" File: /home/ltolsen/cpre3810/RISC-V-Single-cycle-Processor/cpre3810-toolflow/proj/src/TopLevel/FetchLogic.vhd Line: 27
    Error (12015): Net is fed by "iInstExt[15]" File: /home/ltolsen/cpre3810/RISC-V-Single-cycle-Processor/cpre3810-toolflow/proj/src/TopLevel/RISCV_Processor.vhd Line: 27
Error (12014): Net "s_Inst[14]", which fans out to "ImmGen:IG|i_ImmType[14]", cannot be assigned more than one value File: /home/ltolsen/cpre3810/RISC-V-Single-cycle-Processor/cpre3810-toolflow/proj/src/TopLevel/RISCV_Processor.vhd Line: 49
    Error (12015): Net is fed by "mem:IMem|q[14]" File: /home/ltolsen/cpre3810/RISC-V-Single-cycle-Processor/cpre3810-toolflow/proj/src/TopLevel/mem.vhd Line: 23
    Error (12015): Net is fed by "FetchLogic:FL|instr[14]" File: /home/ltolsen/cpre3810/RISC-V-Single-cycle-Processor/cpre3810-toolflow/proj/src/TopLevel/FetchLogic.vhd Line: 27
    Error (12015): Net is fed by "iInstExt[14]" File: /home/ltolsen/cpre3810/RISC-V-Single-cycle-Processor/cpre3810-toolflow/proj/src/TopLevel/RISCV_Processor.vhd Line: 27
Error (12014): Net "s_Inst[13]", which fans out to "ImmGen:IG|i_ImmType[13]", cannot be assigned more than one value File: /home/ltolsen/cpre3810/RISC-V-Single-cycle-Processor/cpre3810-toolflow/proj/src/TopLevel/RISCV_Processor.vhd Line: 49
    Error (12015): Net is fed by "mem:IMem|q[13]" File: /home/ltolsen/cpre3810/RISC-V-Single-cycle-Processor/cpre3810-toolflow/proj/src/TopLevel/mem.vhd Line: 23
    Error (12015): Net is fed by "FetchLogic:FL|instr[13]" File: /home/ltolsen/cpre3810/RISC-V-Single-cycle-Processor/cpre3810-toolflow/proj/src/TopLevel/FetchLogic.vhd Line: 27
    Error (12015): Net is fed by "iInstExt[13]" File: /home/ltolsen/cpre3810/RISC-V-Single-cycle-Processor/cpre3810-toolflow/proj/src/TopLevel/RISCV_Processor.vhd Line: 27
Error (12014): Net "s_Inst[12]", which fans out to "ImmGen:IG|i_ImmType[12]", cannot be assigned more than one value File: /home/ltolsen/cpre3810/RISC-V-Single-cycle-Processor/cpre3810-toolflow/proj/src/TopLevel/RISCV_Processor.vhd Line: 49
    Error (12015): Net is fed by "mem:IMem|q[12]" File: /home/ltolsen/cpre3810/RISC-V-Single-cycle-Processor/cpre3810-toolflow/proj/src/TopLevel/mem.vhd Line: 23
    Error (12015): Net is fed by "FetchLogic:FL|instr[12]" File: /home/ltolsen/cpre3810/RISC-V-Single-cycle-Processor/cpre3810-toolflow/proj/src/TopLevel/FetchLogic.vhd Line: 27
    Error (12015): Net is fed by "iInstExt[12]" File: /home/ltolsen/cpre3810/RISC-V-Single-cycle-Processor/cpre3810-toolflow/proj/src/TopLevel/RISCV_Processor.vhd Line: 27
Error (12014): Net "s_Inst[11]", which fans out to "ImmGen:IG|i_ImmType[11]", cannot be assigned more than one value File: /home/ltolsen/cpre3810/RISC-V-Single-cycle-Processor/cpre3810-toolflow/proj/src/TopLevel/RISCV_Processor.vhd Line: 49
    Error (12015): Net is fed by "mem:IMem|q[11]" File: /home/ltolsen/cpre3810/RISC-V-Single-cycle-Processor/cpre3810-toolflow/proj/src/TopLevel/mem.vhd Line: 23
    Error (12015): Net is fed by "FetchLogic:FL|instr[11]" File: /home/ltolsen/cpre3810/RISC-V-Single-cycle-Processor/cpre3810-toolflow/proj/src/TopLevel/FetchLogic.vhd Line: 27
    Error (12015): Net is fed by "iInstExt[11]" File: /home/ltolsen/cpre3810/RISC-V-Single-cycle-Processor/cpre3810-toolflow/proj/src/TopLevel/RISCV_Processor.vhd Line: 27
Error (12014): Net "s_Inst[10]", which fans out to "ImmGen:IG|i_ImmType[10]", cannot be assigned more than one value File: /home/ltolsen/cpre3810/RISC-V-Single-cycle-Processor/cpre3810-toolflow/proj/src/TopLevel/RISCV_Processor.vhd Line: 49
    Error (12015): Net is fed by "mem:IMem|q[10]" File: /home/ltolsen/cpre3810/RISC-V-Single-cycle-Processor/cpre3810-toolflow/proj/src/TopLevel/mem.vhd Line: 23
    Error (12015): Net is fed by "FetchLogic:FL|instr[10]" File: /home/ltolsen/cpre3810/RISC-V-Single-cycle-Processor/cpre3810-toolflow/proj/src/TopLevel/FetchLogic.vhd Line: 27
    Error (12015): Net is fed by "iInstExt[10]" File: /home/ltolsen/cpre3810/RISC-V-Single-cycle-Processor/cpre3810-toolflow/proj/src/TopLevel/RISCV_Processor.vhd Line: 27
Error (12014): Net "s_Inst[9]", which fans out to "ImmGen:IG|i_ImmType[9]", cannot be assigned more than one value File: /home/ltolsen/cpre3810/RISC-V-Single-cycle-Processor/cpre3810-toolflow/proj/src/TopLevel/RISCV_Processor.vhd Line: 49
    Error (12015): Net is fed by "mem:IMem|q[9]" File: /home/ltolsen/cpre3810/RISC-V-Single-cycle-Processor/cpre3810-toolflow/proj/src/TopLevel/mem.vhd Line: 23
    Error (12015): Net is fed by "FetchLogic:FL|instr[9]" File: /home/ltolsen/cpre3810/RISC-V-Single-cycle-Processor/cpre3810-toolflow/proj/src/TopLevel/FetchLogic.vhd Line: 27
    Error (12015): Net is fed by "iInstExt[9]" File: /home/ltolsen/cpre3810/RISC-V-Single-cycle-Processor/cpre3810-toolflow/proj/src/TopLevel/RISCV_Processor.vhd Line: 27
Error (12014): Net "s_Inst[8]", which fans out to "ImmGen:IG|i_ImmType[8]", cannot be assigned more than one value File: /home/ltolsen/cpre3810/RISC-V-Single-cycle-Processor/cpre3810-toolflow/proj/src/TopLevel/RISCV_Processor.vhd Line: 49
    Error (12015): Net is fed by "mem:IMem|q[8]" File: /home/ltolsen/cpre3810/RISC-V-Single-cycle-Processor/cpre3810-toolflow/proj/src/TopLevel/mem.vhd Line: 23
    Error (12015): Net is fed by "FetchLogic:FL|instr[8]" File: /home/ltolsen/cpre3810/RISC-V-Single-cycle-Processor/cpre3810-toolflow/proj/src/TopLevel/FetchLogic.vhd Line: 27
    Error (12015): Net is fed by "iInstExt[8]" File: /home/ltolsen/cpre3810/RISC-V-Single-cycle-Processor/cpre3810-toolflow/proj/src/TopLevel/RISCV_Processor.vhd Line: 27
Error (12014): Net "s_Inst[7]", which fans out to "ImmGen:IG|i_ImmType[7]", cannot be assigned more than one value File: /home/ltolsen/cpre3810/RISC-V-Single-cycle-Processor/cpre3810-toolflow/proj/src/TopLevel/RISCV_Processor.vhd Line: 49
    Error (12015): Net is fed by "mem:IMem|q[7]" File: /home/ltolsen/cpre3810/RISC-V-Single-cycle-Processor/cpre3810-toolflow/proj/src/TopLevel/mem.vhd Line: 23
    Error (12015): Net is fed by "FetchLogic:FL|instr[7]" File: /home/ltolsen/cpre3810/RISC-V-Single-cycle-Processor/cpre3810-toolflow/proj/src/TopLevel/FetchLogic.vhd Line: 27
    Error (12015): Net is fed by "iInstExt[7]" File: /home/ltolsen/cpre3810/RISC-V-Single-cycle-Processor/cpre3810-toolflow/proj/src/TopLevel/RISCV_Processor.vhd Line: 27
Error (12014): Net "s_Inst[6]", which fans out to "ImmGen:IG|i_ImmType[6]", cannot be assigned more than one value File: /home/ltolsen/cpre3810/RISC-V-Single-cycle-Processor/cpre3810-toolflow/proj/src/TopLevel/RISCV_Processor.vhd Line: 49
    Error (12015): Net is fed by "mem:IMem|q[6]" File: /home/ltolsen/cpre3810/RISC-V-Single-cycle-Processor/cpre3810-toolflow/proj/src/TopLevel/mem.vhd Line: 23
    Error (12015): Net is fed by "FetchLogic:FL|instr[6]" File: /home/ltolsen/cpre3810/RISC-V-Single-cycle-Processor/cpre3810-toolflow/proj/src/TopLevel/FetchLogic.vhd Line: 27
    Error (12015): Net is fed by "iInstExt[6]" File: /home/ltolsen/cpre3810/RISC-V-Single-cycle-Processor/cpre3810-toolflow/proj/src/TopLevel/RISCV_Processor.vhd Line: 27
Error (12014): Net "s_Inst[5]", which fans out to "ImmGen:IG|i_ImmType[5]", cannot be assigned more than one value File: /home/ltolsen/cpre3810/RISC-V-Single-cycle-Processor/cpre3810-toolflow/proj/src/TopLevel/RISCV_Processor.vhd Line: 49
    Error (12015): Net is fed by "mem:IMem|q[5]" File: /home/ltolsen/cpre3810/RISC-V-Single-cycle-Processor/cpre3810-toolflow/proj/src/TopLevel/mem.vhd Line: 23
    Error (12015): Net is fed by "FetchLogic:FL|instr[5]" File: /home/ltolsen/cpre3810/RISC-V-Single-cycle-Processor/cpre3810-toolflow/proj/src/TopLevel/FetchLogic.vhd Line: 27
    Error (12015): Net is fed by "iInstExt[5]" File: /home/ltolsen/cpre3810/RISC-V-Single-cycle-Processor/cpre3810-toolflow/proj/src/TopLevel/RISCV_Processor.vhd Line: 27
Error (12014): Net "s_Inst[4]", which fans out to "ImmGen:IG|i_ImmType[4]", cannot be assigned more than one value File: /home/ltolsen/cpre3810/RISC-V-Single-cycle-Processor/cpre3810-toolflow/proj/src/TopLevel/RISCV_Processor.vhd Line: 49
    Error (12015): Net is fed by "mem:IMem|q[4]" File: /home/ltolsen/cpre3810/RISC-V-Single-cycle-Processor/cpre3810-toolflow/proj/src/TopLevel/mem.vhd Line: 23
    Error (12015): Net is fed by "FetchLogic:FL|instr[4]" File: /home/ltolsen/cpre3810/RISC-V-Single-cycle-Processor/cpre3810-toolflow/proj/src/TopLevel/FetchLogic.vhd Line: 27
    Error (12015): Net is fed by "iInstExt[4]" File: /home/ltolsen/cpre3810/RISC-V-Single-cycle-Processor/cpre3810-toolflow/proj/src/TopLevel/RISCV_Processor.vhd Line: 27
Error (12014): Net "s_Inst[3]", which fans out to "ImmGen:IG|i_ImmType[3]", cannot be assigned more than one value File: /home/ltolsen/cpre3810/RISC-V-Single-cycle-Processor/cpre3810-toolflow/proj/src/TopLevel/RISCV_Processor.vhd Line: 49
    Error (12015): Net is fed by "mem:IMem|q[3]" File: /home/ltolsen/cpre3810/RISC-V-Single-cycle-Processor/cpre3810-toolflow/proj/src/TopLevel/mem.vhd Line: 23
    Error (12015): Net is fed by "FetchLogic:FL|instr[3]" File: /home/ltolsen/cpre3810/RISC-V-Single-cycle-Processor/cpre3810-toolflow/proj/src/TopLevel/FetchLogic.vhd Line: 27
    Error (12015): Net is fed by "iInstExt[3]" File: /home/ltolsen/cpre3810/RISC-V-Single-cycle-Processor/cpre3810-toolflow/proj/src/TopLevel/RISCV_Processor.vhd Line: 27
Error (12014): Net "s_Inst[2]", which fans out to "ImmGen:IG|i_ImmType[2]", cannot be assigned more than one value File: /home/ltolsen/cpre3810/RISC-V-Single-cycle-Processor/cpre3810-toolflow/proj/src/TopLevel/RISCV_Processor.vhd Line: 49
    Error (12015): Net is fed by "mem:IMem|q[2]" File: /home/ltolsen/cpre3810/RISC-V-Single-cycle-Processor/cpre3810-toolflow/proj/src/TopLevel/mem.vhd Line: 23
    Error (12015): Net is fed by "FetchLogic:FL|instr[2]" File: /home/ltolsen/cpre3810/RISC-V-Single-cycle-Processor/cpre3810-toolflow/proj/src/TopLevel/FetchLogic.vhd Line: 27
    Error (12015): Net is fed by "iInstExt[2]" File: /home/ltolsen/cpre3810/RISC-V-Single-cycle-Processor/cpre3810-toolflow/proj/src/TopLevel/RISCV_Processor.vhd Line: 27
Error (12014): Net "s_Inst[1]", which fans out to "ImmGen:IG|i_ImmType[1]", cannot be assigned more than one value File: /home/ltolsen/cpre3810/RISC-V-Single-cycle-Processor/cpre3810-toolflow/proj/src/TopLevel/RISCV_Processor.vhd Line: 49
    Error (12015): Net is fed by "mem:IMem|q[1]" File: /home/ltolsen/cpre3810/RISC-V-Single-cycle-Processor/cpre3810-toolflow/proj/src/TopLevel/mem.vhd Line: 23
    Error (12015): Net is fed by "FetchLogic:FL|instr[1]" File: /home/ltolsen/cpre3810/RISC-V-Single-cycle-Processor/cpre3810-toolflow/proj/src/TopLevel/FetchLogic.vhd Line: 27
    Error (12015): Net is fed by "iInstExt[1]" File: /home/ltolsen/cpre3810/RISC-V-Single-cycle-Processor/cpre3810-toolflow/proj/src/TopLevel/RISCV_Processor.vhd Line: 27
Error (12014): Net "s_Inst[0]", which fans out to "ImmGen:IG|i_ImmType[0]", cannot be assigned more than one value File: /home/ltolsen/cpre3810/RISC-V-Single-cycle-Processor/cpre3810-toolflow/proj/src/TopLevel/RISCV_Processor.vhd Line: 49
    Error (12015): Net is fed by "mem:IMem|q[0]" File: /home/ltolsen/cpre3810/RISC-V-Single-cycle-Processor/cpre3810-toolflow/proj/src/TopLevel/mem.vhd Line: 23
    Error (12015): Net is fed by "FetchLogic:FL|instr[0]" File: /home/ltolsen/cpre3810/RISC-V-Single-cycle-Processor/cpre3810-toolflow/proj/src/TopLevel/FetchLogic.vhd Line: 27
    Error (12015): Net is fed by "iInstExt[0]" File: /home/ltolsen/cpre3810/RISC-V-Single-cycle-Processor/cpre3810-toolflow/proj/src/TopLevel/RISCV_Processor.vhd Line: 27
Error: Quartus Prime Analysis & Synthesis was unsuccessful. 128 errors, 7 warnings
    Error: Peak virtual memory: 723 megabytes
    Error: Processing ended: Sun Oct 26 19:34:20 2025
    Error: Elapsed time: 00:00:25
    Error: Total CPU time (on all processors): 00:00:21
