QuestaSim-64 vcom 2025.1_2 Compiler 2025.04 Apr  7 2025
Start time: 13:06:52 on Oct 31,2025
vcom -2008 -work internal/ModelSimContainer/work proj/src/RISCV_types.vhd internal/testpy/tb.vhd proj/src/RISCV_types.vhd proj/src/TopLevel/branch_comp.vhd proj/src/TopLevel/N_Full_Adder.vhd proj/src/TopLevel/Reg_N.vhd proj/src/TopLevel/invg.vhd proj/src/TopLevel/mem.vhd proj/src/TopLevel/mux2t1_N.vhd proj/src/TopLevel/ControlUnit.vhd proj/src/TopLevel/RISCV_Processor.vhd proj/src/TopLevel/nAdd_Sub.vhd proj/src/TopLevel/xorg2.vhd proj/src/TopLevel/ALU.vhd proj/src/TopLevel/RegisterFile.vhd proj/src/TopLevel/FetchLogic.vhd proj/src/TopLevel/mux32t1_N.vhd proj/src/TopLevel/mux3t1_N.vhd proj/src/TopLevel/ImmGen.vhd proj/src/TopLevel/ProgramCounter.vhd proj/src/TopLevel/decoder_5to32.vhd proj/src/TopLevel/BarrelShifter.vhd proj/src/TopLevel/Reg.vhd proj/src/TopLevel/mux2t1.vhd proj/src/TopLevel/InstructionMemory.vhd proj/src/TopLevel/andg2.vhd proj/src/TopLevel/dffg.vhd proj/src/TopLevel/org2.vhd proj/src/TopLevel/mux4t1_N.vhd proj/src/TopLevel/Full_Adder.vhd 
-- Loading package STANDARD
-- Loading package TEXTIO
-- Loading package std_logic_1164
** Warning: proj/src/RISCV_types.vhd(15): (vcom-1615) Existing package 'RISCV_types' at /home/ltolsen/cpre3810/misc/cpre3810-toolflow/proj/src/RISCV_types.vhd(15) will be overwritten.
-- Compiling package RISCV_types
-- Compiling package body RISCV_types
-- Loading package RISCV_types
-- Loading package std_logic_textio
-- Loading package ENV
** Warning: internal/testpy/tb.vhd(24): (vcom-1615) Existing entity 'tb' at /home/ltolsen/cpre3810/misc/cpre3810-toolflow/internal/testpy/tb.vhd(24) will be overwritten.
-- Compiling entity tb
** Warning: internal/testpy/tb.vhd(31): (vcom-1615) Existing architecture 'tb(mixed)' at /home/ltolsen/cpre3810/misc/cpre3810-toolflow/internal/testpy/tb.vhd(31) will be overwritten.
-- Compiling architecture mixed of tb
** Warning: proj/src/RISCV_types.vhd(15): (vcom-1615) Existing package 'RISCV_types' at line 18 will be overwritten.
-- Compiling package RISCV_types
** Warning: proj/src/RISCV_types.vhd(29): (vcom-1615) Existing package body 'RISCV_types(body)' at line 29 will be overwritten.
-- Compiling package body RISCV_types
-- Loading package RISCV_types
-- Loading package NUMERIC_STD
** Warning: proj/src/TopLevel/branch_comp.vhd(10): (vcom-1615) Existing entity 'branch_comp' at /home/ltolsen/cpre3810/misc/cpre3810-toolflow/proj/src/TopLevel/branch_comp.vhd(10) will be overwritten.
-- Compiling entity branch_comp
** Warning: proj/src/TopLevel/branch_comp.vhd(20): (vcom-1615) Existing architecture 'branch_comp(dataflow)' at /home/ltolsen/cpre3810/misc/cpre3810-toolflow/proj/src/TopLevel/branch_comp.vhd(20) will be overwritten.
-- Compiling architecture dataflow of branch_comp
** Warning: proj/src/TopLevel/N_Full_Adder.vhd(16): (vcom-1615) Existing entity 'N_Full_Adder' at /home/ltolsen/cpre3810/misc/cpre3810-toolflow/proj/src/TopLevel/N_Full_Adder.vhd(16) will be overwritten.
-- Compiling entity N_Full_Adder
** Warning: proj/src/TopLevel/N_Full_Adder.vhd(26): (vcom-1615) Existing architecture 'N_Full_Adder(structure)' at /home/ltolsen/cpre3810/misc/cpre3810-toolflow/proj/src/TopLevel/N_Full_Adder.vhd(26) will be overwritten.
-- Compiling architecture structure of N_Full_Adder
** Warning: proj/src/TopLevel/Reg_N.vhd(20): (vcom-1615) Existing entity 'Reg_N' at /home/ltolsen/cpre3810/misc/cpre3810-toolflow/proj/src/TopLevel/Reg_N.vhd(20) will be overwritten.
-- Compiling entity Reg_N
** Warning: proj/src/TopLevel/Reg_N.vhd(31): (vcom-1615) Existing architecture 'Reg_N(structure)' at /home/ltolsen/cpre3810/misc/cpre3810-toolflow/proj/src/TopLevel/Reg_N.vhd(31) will be overwritten.
-- Compiling architecture structure of Reg_N
** Warning: proj/src/TopLevel/invg.vhd(23): (vcom-1615) Existing entity 'invg' at /home/ltolsen/cpre3810/misc/cpre3810-toolflow/proj/src/TopLevel/invg.vhd(23) will be overwritten.
-- Compiling entity invg
** Warning: proj/src/TopLevel/invg.vhd(30): (vcom-1615) Existing architecture 'invg(dataflow)' at /home/ltolsen/cpre3810/misc/cpre3810-toolflow/proj/src/TopLevel/invg.vhd(30) will be overwritten.
-- Compiling architecture dataflow of invg
** Warning: proj/src/TopLevel/mem.vhd(9): (vcom-1615) Existing entity 'mem' at /home/ltolsen/cpre3810/misc/cpre3810-toolflow/proj/src/TopLevel/mem.vhd(9) will be overwritten.
-- Compiling entity mem
** Warning: proj/src/TopLevel/mem.vhd(28): (vcom-1615) Existing architecture 'mem(rtl)' at /home/ltolsen/cpre3810/misc/cpre3810-toolflow/proj/src/TopLevel/mem.vhd(28) will be overwritten.
-- Compiling architecture rtl of mem
** Warning: proj/src/TopLevel/mux2t1_N.vhd(19): (vcom-1615) Existing entity 'mux2t1_N' at /home/ltolsen/cpre3810/misc/cpre3810-toolflow/proj/src/TopLevel/mux2t1_N.vhd(19) will be overwritten.
-- Compiling entity mux2t1_N
** Warning: proj/src/TopLevel/mux2t1_N.vhd(29): (vcom-1615) Existing architecture 'mux2t1_N(structural)' at /home/ltolsen/cpre3810/misc/cpre3810-toolflow/proj/src/TopLevel/mux2t1_N.vhd(29) will be overwritten.
-- Compiling architecture structural of mux2t1_N
** Warning: proj/src/TopLevel/ControlUnit.vhd(8): (vcom-1615) Existing entity 'controlUnit' at /home/ltolsen/cpre3810/misc/cpre3810-toolflow/proj/src/TopLevel/ControlUnit.vhd(8) will be overwritten.
-- Compiling entity controlUnit
** Warning: proj/src/TopLevel/ControlUnit.vhd(25): (vcom-1615) Existing architecture 'controlUnit(dataflow)' at /home/ltolsen/cpre3810/misc/cpre3810-toolflow/proj/src/TopLevel/ControlUnit.vhd(25) will be overwritten.
-- Compiling architecture dataflow of controlUnit
** Warning: proj/src/TopLevel/RISCV_Processor.vhd(21): (vcom-1615) Existing entity 'RISCV_Processor' at /home/ltolsen/cpre3810/misc/cpre3810-toolflow/proj/src/TopLevel/RISCV_Processor.vhd(21) will be overwritten.
-- Compiling entity RISCV_Processor
** Warning: proj/src/TopLevel/RISCV_Processor.vhd(33): (vcom-1615) Existing architecture 'RISCV_Processor(structure)' at /home/ltolsen/cpre3810/misc/cpre3810-toolflow/proj/src/TopLevel/RISCV_Processor.vhd(33) will be overwritten.
-- Compiling architecture structure of RISCV_Processor
** Warning: proj/src/TopLevel/nAdd_Sub.vhd(15): (vcom-1615) Existing entity 'nAdd_Sub' at /home/ltolsen/cpre3810/misc/cpre3810-toolflow/proj/src/TopLevel/nAdd_Sub.vhd(15) will be overwritten.
-- Compiling entity nAdd_Sub
** Warning: proj/src/TopLevel/nAdd_Sub.vhd(25): (vcom-1615) Existing architecture 'nAdd_Sub(structure)' at /home/ltolsen/cpre3810/misc/cpre3810-toolflow/proj/src/TopLevel/nAdd_Sub.vhd(25) will be overwritten.
-- Compiling architecture structure of nAdd_Sub
** Warning: proj/src/TopLevel/xorg2.vhd(23): (vcom-1615) Existing entity 'xorg2' at /home/ltolsen/cpre3810/misc/cpre3810-toolflow/proj/src/TopLevel/xorg2.vhd(23) will be overwritten.
-- Compiling entity xorg2
** Warning: proj/src/TopLevel/xorg2.vhd(31): (vcom-1615) Existing architecture 'xorg2(dataflow)' at /home/ltolsen/cpre3810/misc/cpre3810-toolflow/proj/src/TopLevel/xorg2.vhd(31) will be overwritten.
-- Compiling architecture dataflow of xorg2
** Warning: proj/src/TopLevel/ALU.vhd(18): (vcom-1615) Existing entity 'ALU' at /home/ltolsen/cpre3810/misc/cpre3810-toolflow/proj/src/TopLevel/ALU.vhd(18) will be overwritten.
-- Compiling entity ALU
** Warning: proj/src/TopLevel/ALU.vhd(29): (vcom-1615) Existing architecture 'ALU(structural)' at /home/ltolsen/cpre3810/misc/cpre3810-toolflow/proj/src/TopLevel/ALU.vhd(29) will be overwritten.
-- Compiling architecture structural of ALU
** Warning: proj/src/TopLevel/RegisterFile.vhd(16): (vcom-1615) Existing entity 'RegisterFile' at /home/ltolsen/cpre3810/misc/cpre3810-toolflow/proj/src/TopLevel/RegisterFile.vhd(16) will be overwritten.
-- Compiling entity RegisterFile
** Warning: proj/src/TopLevel/RegisterFile.vhd(30): (vcom-1615) Existing architecture 'RegisterFile(regFile)' at /home/ltolsen/cpre3810/misc/cpre3810-toolflow/proj/src/TopLevel/RegisterFile.vhd(30) will be overwritten.
-- Compiling architecture regFile of RegisterFile
** Warning: proj/src/TopLevel/FetchLogic.vhd(17): (vcom-1615) Existing entity 'FetchLogic' at /home/ltolsen/cpre3810/misc/cpre3810-toolflow/proj/src/TopLevel/FetchLogic.vhd(17) will be overwritten.
-- Compiling entity FetchLogic
** Warning: proj/src/TopLevel/FetchLogic.vhd(31): (vcom-1615) Existing architecture 'FetchLogic(structure)' at /home/ltolsen/cpre3810/misc/cpre3810-toolflow/proj/src/TopLevel/FetchLogic.vhd(31) will be overwritten.
-- Compiling architecture structure of FetchLogic
** Warning: proj/src/TopLevel/mux32t1_N.vhd(16): (vcom-1615) Existing entity 'mux32t1_N' at /home/ltolsen/cpre3810/misc/cpre3810-toolflow/proj/src/TopLevel/mux32t1_N.vhd(16) will be overwritten.
-- Compiling entity mux32t1_N
** Warning: proj/src/TopLevel/mux32t1_N.vhd(56): (vcom-1615) Existing architecture 'mux32t1_N(structural)' at /home/ltolsen/cpre3810/misc/cpre3810-toolflow/proj/src/TopLevel/mux32t1_N.vhd(56) will be overwritten.
-- Compiling architecture structural of mux32t1_N
** Warning: proj/src/TopLevel/mux3t1_N.vhd(10): (vcom-1615) Existing entity 'mux3t1_N' at /home/ltolsen/cpre3810/misc/cpre3810-toolflow/proj/src/TopLevel/mux3t1_N.vhd(10) will be overwritten.
-- Compiling entity mux3t1_N
** Warning: proj/src/TopLevel/mux3t1_N.vhd(20): (vcom-1615) Existing architecture 'mux3t1_N(behavioral)' at /home/ltolsen/cpre3810/misc/cpre3810-toolflow/proj/src/TopLevel/mux3t1_N.vhd(20) will be overwritten.
-- Compiling architecture behavioral of mux3t1_N
** Warning: proj/src/TopLevel/ImmGen.vhd(8): (vcom-1615) Existing entity 'ImmGen' at /home/ltolsen/cpre3810/misc/cpre3810-toolflow/proj/src/TopLevel/ImmGen.vhd(8) will be overwritten.
-- Compiling entity ImmGen
** Warning: proj/src/TopLevel/ImmGen.vhd(16): (vcom-1615) Existing architecture 'ImmGen(behavioral)' at /home/ltolsen/cpre3810/misc/cpre3810-toolflow/proj/src/TopLevel/ImmGen.vhd(16) will be overwritten.
-- Compiling architecture behavioral of ImmGen
** Warning: proj/src/TopLevel/ProgramCounter.vhd(15): (vcom-1615) Existing entity 'ProgramCounter' at /home/ltolsen/cpre3810/misc/cpre3810-toolflow/proj/src/TopLevel/ProgramCounter.vhd(15) will be overwritten.
-- Compiling entity ProgramCounter
** Warning: proj/src/TopLevel/ProgramCounter.vhd(24): (vcom-1615) Existing architecture 'ProgramCounter(behavioral)' at /home/ltolsen/cpre3810/misc/cpre3810-toolflow/proj/src/TopLevel/ProgramCounter.vhd(24) will be overwritten.
-- Compiling architecture behavioral of ProgramCounter
** Warning: proj/src/TopLevel/decoder_5to32.vhd(21): (vcom-1615) Existing entity 'decoder_5to32' at /home/ltolsen/cpre3810/misc/cpre3810-toolflow/proj/src/TopLevel/decoder_5to32.vhd(21) will be overwritten.
-- Compiling entity decoder_5to32
** Warning: proj/src/TopLevel/decoder_5to32.vhd(28): (vcom-1615) Existing architecture 'decoder_5to32(behavior)' at /home/ltolsen/cpre3810/misc/cpre3810-toolflow/proj/src/TopLevel/decoder_5to32.vhd(28) will be overwritten.
-- Compiling architecture behavior of decoder_5to32
** Warning: proj/src/TopLevel/BarrelShifter.vhd(14): (vcom-1615) Existing entity 'barrelShifter' at /home/ltolsen/cpre3810/misc/cpre3810-toolflow/proj/src/TopLevel/BarrelShifter.vhd(14) will be overwritten.
-- Compiling entity barrelShifter
** Warning: proj/src/TopLevel/BarrelShifter.vhd(23): (vcom-1615) Existing architecture 'barrelShifter(structural)' at /home/ltolsen/cpre3810/misc/cpre3810-toolflow/proj/src/TopLevel/BarrelShifter.vhd(23) will be overwritten.
-- Compiling architecture structural of barrelShifter
** Warning: proj/src/TopLevel/Reg.vhd(23): (vcom-1615) Existing entity 'Reg' at /home/ltolsen/cpre3810/misc/cpre3810-toolflow/proj/src/TopLevel/Reg.vhd(23) will be overwritten.
-- Compiling entity Reg
** Warning: proj/src/TopLevel/Reg.vhd(33): (vcom-1615) Existing architecture 'Reg(behavior)' at /home/ltolsen/cpre3810/misc/cpre3810-toolflow/proj/src/TopLevel/Reg.vhd(33) will be overwritten.
-- Compiling architecture behavior of Reg
** Warning: proj/src/TopLevel/mux2t1.vhd(15): (vcom-1615) Existing entity 'mux2t1' at /home/ltolsen/cpre3810/misc/cpre3810-toolflow/proj/src/TopLevel/mux2t1.vhd(15) will be overwritten.
-- Compiling entity mux2t1
** Warning: proj/src/TopLevel/mux2t1.vhd(22): (vcom-1615) Existing architecture 'mux2t1(structural)' at /home/ltolsen/cpre3810/misc/cpre3810-toolflow/proj/src/TopLevel/mux2t1.vhd(22) will be overwritten.
-- Compiling architecture structural of mux2t1
** Warning: proj/src/TopLevel/InstructionMemory.vhd(16): (vcom-1615) Existing entity 'InstructionMemory' at /home/ltolsen/cpre3810/misc/cpre3810-toolflow/proj/src/TopLevel/InstructionMemory.vhd(16) will be overwritten.
-- Compiling entity InstructionMemory
** Warning: proj/src/TopLevel/InstructionMemory.vhd(25): (vcom-1615) Existing architecture 'InstructionMemory(behavioral)' at /home/ltolsen/cpre3810/misc/cpre3810-toolflow/proj/src/TopLevel/InstructionMemory.vhd(25) will be overwritten.
-- Compiling architecture behavioral of InstructionMemory
-- Loading entity mem
** Warning: proj/src/TopLevel/andg2.vhd(23): (vcom-1615) Existing entity 'andg2' at /home/ltolsen/cpre3810/misc/cpre3810-toolflow/proj/src/TopLevel/andg2.vhd(23) will be overwritten.
-- Compiling entity andg2
** Warning: proj/src/TopLevel/andg2.vhd(31): (vcom-1615) Existing architecture 'andg2(dataflow)' at /home/ltolsen/cpre3810/misc/cpre3810-toolflow/proj/src/TopLevel/andg2.vhd(31) will be overwritten.
-- Compiling architecture dataflow of andg2
** Warning: proj/src/TopLevel/dffg.vhd(23): (vcom-1615) Existing entity 'dffg' at /home/ltolsen/cpre3810/misc/cpre3810-toolflow/proj/src/TopLevel/dffg.vhd(23) will be overwritten.
-- Compiling entity dffg
** Warning: proj/src/TopLevel/dffg.vhd(33): (vcom-1615) Existing architecture 'dffg(mixed)' at /home/ltolsen/cpre3810/misc/cpre3810-toolflow/proj/src/TopLevel/dffg.vhd(33) will be overwritten.
-- Compiling architecture mixed of dffg
** Warning: proj/src/TopLevel/org2.vhd(23): (vcom-1615) Existing entity 'org2' at /home/ltolsen/cpre3810/misc/cpre3810-toolflow/proj/src/TopLevel/org2.vhd(23) will be overwritten.
-- Compiling entity org2
** Warning: proj/src/TopLevel/org2.vhd(31): (vcom-1615) Existing architecture 'org2(dataflow)' at /home/ltolsen/cpre3810/misc/cpre3810-toolflow/proj/src/TopLevel/org2.vhd(31) will be overwritten.
-- Compiling architecture dataflow of org2
** Warning: proj/src/TopLevel/mux4t1_N.vhd(17): (vcom-1615) Existing entity 'mux4t1_N' at /home/ltolsen/cpre3810/misc/cpre3810-toolflow/proj/src/TopLevel/mux4t1_N.vhd(17) will be overwritten.
-- Compiling entity mux4t1_N
** Warning: proj/src/TopLevel/mux4t1_N.vhd(29): (vcom-1615) Existing architecture 'mux4t1_N(structural)' at /home/ltolsen/cpre3810/misc/cpre3810-toolflow/proj/src/TopLevel/mux4t1_N.vhd(29) will be overwritten.
-- Compiling architecture structural of mux4t1_N
** Warning: proj/src/TopLevel/Full_Adder.vhd(16): (vcom-1615) Existing entity 'Full_Adder' at /home/ltolsen/cpre3810/misc/cpre3810-toolflow/proj/src/TopLevel/Full_Adder.vhd(16) will be overwritten.
-- Compiling entity Full_Adder
** Warning: proj/src/TopLevel/Full_Adder.vhd(25): (vcom-1615) Existing architecture 'Full_Adder(structure)' at /home/ltolsen/cpre3810/misc/cpre3810-toolflow/proj/src/TopLevel/Full_Adder.vhd(25) will be overwritten.
-- Compiling architecture structure of Full_Adder
End time: 13:06:52 on Oct 31,2025, Elapsed time: 0:00:00
Errors: 0, Warnings: 59
